Using pre-set license
Built from '2020.3/release' branch; Version is '2020.3.7f1 (dd97f2c94397) revision 14522354'; Using compiler version '192528614'; Build Type 'Release'
OS: 'Windows 10 Pro; OS build 19041.1052; Version 2004; 64bit' Language: 'es' Physical Memory: 8106 MB
BatchMode: 1, IsHumanControllingUs: 0, StartBugReporterOnCrash: 0, Is64bit: 1, IsPro: 0

 COMMAND LINE ARGUMENTS:
C:\Program Files\2020.3.7f1\Editor\Unity.exe
-adb2
-batchMode
-noUpm
-name
AssetImportWorker0
-projectPath
C:/Users/ALVARO PC/Documents/Unity/youtube flapy bird
-logFile
Logs/AssetImportWorker0.log
-srvPort
60182
Successfully changed project path to: C:/Users/ALVARO PC/Documents/Unity/youtube flapy bird
C:/Users/ALVARO PC/Documents/Unity/youtube flapy bird
Using Asset Import Pipeline V2.
Refreshing native plugins compatible for Editor in 46.66 ms, found 1 plugins.
Preloading 0 native plugins for Editor in 0.00 ms.
Initialize engine version: 2020.3.7f1 (dd97f2c94397)
[Subsystems] Discovering subsystems at path C:/Program Files/2020.3.7f1/Editor/Data/Resources/UnitySubsystems
[Subsystems] Discovering subsystems at path C:/Users/ALVARO PC/Documents/Unity/youtube flapy bird/Assets
GfxDevice: creating device client; threaded=0
Direct3D:
    Version:  Direct3D 11.0 [level 11.0]
    Renderer: NVIDIA GeForce 930M (ID=0x1346)
    Vendor:   
    VRAM:     2019 MB
    Driver:   21.21.13.7654
Initialize mono
Mono path[0] = 'C:/Program Files/2020.3.7f1/Editor/Data/Managed'
Mono path[1] = 'C:/Program Files/2020.3.7f1/Editor/Data/MonoBleedingEdge/lib/mono/unityjit'
Mono config path = 'C:/Program Files/2020.3.7f1/Editor/Data/MonoBleedingEdge/etc'
Using monoOptions --debugger-agent=transport=dt_socket,embedding=1,server=y,suspend=n,address=127.0.0.1:56464
Begin MonoManager ReloadAssembly
Registering precompiled unity dll's ...
Register platform support module: C:/Program Files/2020.3.7f1/Editor/Data/PlaybackEngines/WindowsStandaloneSupport/UnityEditor.WindowsStandalone.Extensions.dll
Registered in 0.003782 seconds.
Native extension for WindowsStandalone target not found
Refreshing native plugins compatible for Editor in 43.21 ms, found 1 plugins.
Preloading 0 native plugins for Editor in 0.00 ms.
Mono: successfully reloaded assembly
- Completed reload, in  1.403 seconds
Platform modules already initialized, skipping
Registering precompiled user dll's ...
Registered in 0.001385 seconds.
Begin MonoManager ReloadAssembly
Native extension for WindowsStandalone target not found
Refreshing native plugins compatible for Editor in 46.56 ms, found 1 plugins.
Preloading 0 native plugins for Editor in 0.00 ms.
Mono: successfully reloaded assembly
- Completed reload, in  1.301 seconds
Platform modules already initialized, skipping
========================================================================
Worker process is ready to serve import requests
Launched and connected shader compiler UnityShaderCompiler.exe after 0.07 seconds
Refreshing native plugins compatible for Editor in 0.49 ms, found 1 plugins.
Preloading 0 native plugins for Editor in 0.00 ms.
Unloading 1808 Unused Serialized files (Serialized files now loaded: 0)
System memory in use before: 85.0 MB.
System memory in use after: 84.9 MB.

Unloading 24 unused Assets to reduce memory usage. Loaded Objects now: 2250.
Total: 2.943300 ms (FindLiveObjects: 0.280000 ms CreateObjectMapping: 0.157600 ms MarkObjects: 2.337800 ms  DeleteObjects: 0.166000 ms)

========================================================================
Received Import Request.
  path: Assets
  artifactKey: Guid(00000000000000001000000000000000) Importer(815301076,1909f56bfc062723c751e8b465ee728b)
Start importing Assets using Guid(00000000000000001000000000000000) Importer(815301076,1909f56bfc062723c751e8b465ee728b)  -> (artifact id: '5f6a1853b736837ecfb0820a881449cb') in 0.014339 seconds
  Import took 0.018677 seconds .

========================================================================
Received Import Request.
  Time since last request: 5.289492 seconds.
  path: Assets/sprite
  artifactKey: Guid(02e4367da7be3064680b069087a9af2c) Importer(815301076,1909f56bfc062723c751e8b465ee728b)
Start importing Assets/sprite using Guid(02e4367da7be3064680b069087a9af2c) Importer(815301076,1909f56bfc062723c751e8b465ee728b)  -> (artifact id: '3a2bebc1ec31a1c6c1a38ba2e71d6fa6') in 0.014642 seconds
  Import took 0.021944 seconds .

========================================================================
Received Import Request.
  Time since last request: 11.023514 seconds.
  path: Assets/sprite/BirdHero.png
  artifactKey: Guid(b53ae74135692354a9c211cce4b82ed5) Importer(815301076,1909f56bfc062723c751e8b465ee728b)
Start importing Assets/sprite/BirdHero.png using Guid(b53ae74135692354a9c211cce4b82ed5) Importer(815301076,1909f56bfc062723c751e8b465ee728b)  -> (artifact id: '05e1a12a8b229079afb7791b7812962a') in 0.240143 seconds
  Import took 0.245805 seconds .

========================================================================
Received Import Request.
  Time since last request: 0.000249 seconds.
  path: Assets/sprite/ColumnSprite.png
  artifactKey: Guid(5361eb81ca07fe944b67bfe2e7fa56a6) Importer(815301076,1909f56bfc062723c751e8b465ee728b)
Start importing Assets/sprite/ColumnSprite.png using Guid(5361eb81ca07fe944b67bfe2e7fa56a6) Importer(815301076,1909f56bfc062723c751e8b465ee728b)  -> (artifact id: 'da77c19ae8d50999b37343e91bc78248') in 0.019514 seconds
  Import took 0.024344 seconds .

========================================================================
Received Import Request.
  Time since last request: 102.189719 seconds.
  path: Assets/scripts
  artifactKey: Guid(ab6a2ee6d6fdfba4389375f26d39b647) Importer(815301076,1909f56bfc062723c751e8b465ee728b)
Start importing Assets/scripts using Guid(ab6a2ee6d6fdfba4389375f26d39b647) Importer(815301076,1909f56bfc062723c751e8b465ee728b)  -> (artifact id: 'a8a86f13f61ade8822150adf02bee115') in 0.016062 seconds
  Import took 0.021509 seconds .

========================================================================
Received Import Request.
  Time since last request: 6.387190 seconds.
  path: Assets/sprites
  artifactKey: Guid(02e4367da7be3064680b069087a9af2c) Importer(815301076,1909f56bfc062723c751e8b465ee728b)
Start importing Assets/sprites using Guid(02e4367da7be3064680b069087a9af2c) Importer(815301076,1909f56bfc062723c751e8b465ee728b)  -> (artifact id: 'edfb9ecb1a5dc4ea525a7079ae762176') in 0.015324 seconds
  Import took 0.020599 seconds .

AssetImportWorkerClient::OnTransportError - code=2 error=End of file
